{
  "RSpec": {
    "coverage": {
      "/home/favorable-search-1347/tic-tac-toe-rb-ruby-apply-000/lib/tic_tac_toe.rb": [
        1,
        1,
        8,
        8,
        8,
        8,
        8,
        null,
        null,
        null,
        1,
        null,
        null,
        null,
        null,
        null,
        null,
        null,
        null,
        null,
        1,
        6,
        6,
        null,
        null,
        1,
        8,
        5,
        null,
        3,
        null,
        null,
        null,
        1,
        6,
        2,
        4,
        1,
        null,
        3,
        null,
        null,
        null,
        1,
        6,
        6,
        3,
        3,
        3,
        2,
        null,
        1,
        null,
        3,
        null,
        null,
        1,
        5,
        5,
        45,
        5,
        null,
        null,
        5,
        null,
        null,
        1,
        4,
        4,
        4,
        0,
        0,
        null,
        null,
        null,
        1,
        5,
        null,
        null,
        1,
        32,
        231,
        231,
        231,
        null,
        231,
        231,
        231,
        null,
        231,
        6,
        225,
        1,
        null,
        null,
        25,
        null,
        null,
        1,
        89,
        null,
        null,
        1,
        16,
        5,
        null,
        11,
        null,
        null,
        null,
        1,
        11,
        7,
        null,
        4,
        null,
        null,
        null,
        1,
        1,
        1,
        null,
        null,
        null,
        1,
        12,
        5,
        null,
        null,
        7,
        1,
        6,
        0,
        null,
        null,
        null,
        null,
        null,
        null,
        null,
        null,
        null,
        null,
        null,
        null,
        null,
        null,
        null
      ]
    },
    "timestamp": 1587934609
  }
}
